Executing notebook: /Users/naqduck/Downloads/SVGP DT Fraim/Codes/Streaming SVGP Shared.ipynb
Working directory : /Users/naqduck/Downloads/SVGP DT Fraim
Log path          : /Users/naqduck/Downloads/SVGP DT Fraim/Models/BASS 3/notebook_run_bass.log

================================================================================
RUNNING CODE CELL 2
================================================================================
Core notebook dependencies are available.
FINISHED CODE CELL 2 in 0.0s

================================================================================
RUNNING CODE CELL 3
================================================================================
/Library/Frameworks/Python.framework/Versions/3.13/lib/python3.13/site-packages/gpflow/versions.py:1: UserWarning: pkg_resources is deprecated as an API. See https://setuptools.pypa.io/en/latest/pkg_resources.html. The pkg_resources package is slated for removal as early as 2025-11-30. Refrain from using this package or pin to Setuptools<81.
  import pkg_resources
TensorFlow : 2.21.0
GPflow     : 2.10.0
NumPy      : 2.2.2
FINISHED CODE CELL 3 in 5.5s

================================================================================
RUNNING CODE CELL 4
================================================================================
Project root: /Users/naqduck/Downloads/SVGP DT Fraim
Beach: Bass
NOAA CSV: /Users/naqduck/Downloads/SVGP DT Fraim/Datasets/Extracted/Bass CSV/NOAA_all_surveys_combined.csv
RTK dir: /Users/naqduck/Downloads/SVGP DT Fraim/Datasets/Sunday Data/Bass
Output dir: /Users/naqduck/Downloads/SVGP DT Fraim/Models/BASS 3
FINISHED CODE CELL 4 in 0.0s

================================================================================
RUNNING CODE CELL 5
================================================================================
Loading Bass NOAA CSV ...
  912,815 valid NOAA points
  Survey dates found:
    1999-10-20  →  1999.800000
    2004-06-28  →  2004.489071
    2004-12-01  →  2004.915301
    2006-01-08  →  2006.019178
    2006-03-05  →  2006.172603
    2010-05-25  →  2010.394521
    2016-06-19  →  2016.464481
    2016-10-31  →  2016.830601
    2017-10-06  →  2017.761644
    2019-04-09  →  2019.268493
    2022-04-13  →  2022.279452
    2022-11-25  →  2022.898630
    2024-11-14  →  2024.868852

  N_NOAA = 912,815  (used for NOAA SVGP num_data)
FINISHED CODE CELL 5 in 1.1s

================================================================================
RUNNING CODE CELL 6
================================================================================
Found 3 RTK file(s):
  2025-12-12  ←  BASS_12-12-2025(TDS).csv
  2026-02-10  ←  BASS_02-10-2026(TDS).csv
  2026-02-22  ←  BASS_02-22-2026(TDS).csv

  RTK temporal range max : 2026.142466
RTK loader helpers and date discovery complete.
FINISHED CODE CELL 6 in 0.0s

================================================================================
RUNNING CODE CELL 7
================================================================================
  X_raw : (912815, 3)  (x_m | y_m | decimal_year)
  Y     : (912815, 1)  (elevation_m)

  Raw ranges:
    x_m          [191759.3, 192231.6]
    y_m          [559010.3, 560113.6]
    decimal_year [1999.8000, 2024.8689]

  Explicit domain bounds:
    x_m          [191759.3, 192231.6]
    y_m          [559010.3, 560113.6]
    decimal_year [1999.800000, 2026.142466]  (extended to RTK max)

  Scaled ranges (should be within [-1, +1] for NOAA):
    x_s [-1.000, 1.000]
    y_s [-1.000, 1.000]
    t_s [-1.000, 0.903]

  Scaler fit on explicit domain bounds.
  RTK dates will scale to within [-1, +1] by construction.
FINISHED CODE CELL 7 in 0.0s

================================================================================
RUNNING CODE CELL 8
================================================================================
  Grids built: (13, 100, 150)  (all on common 100×150 grid)
  Spatial extent: x=[191759.3, 192231.6]  y=[559010.3, 560113.6]
FINISHED CODE CELL 8 in 0.1s

================================================================================
RUNNING CODE CELL 9
================================================================================
TF dataset pipeline ready.
FINISHED CODE CELL 9 in 0.1s

================================================================================
RUNNING CODE CELL 10
================================================================================

Model summary:
╒═════════════════════════════════════╤═══════════╤══════════════════╤═════════╤═════════════╤═══════════════╤═════════╤══════════════════════════════════════════╕
│ name                                │ class     │ transform        │ prior   │ trainable   │ shape         │ dtype   │ value                                    │
╞═════════════════════════════════════╪═══════════╪══════════════════╪═════════╪═════════════╪═══════════════╪═════════╪══════════════════════════════════════════╡
│ SVGP.kernel.kernels[0].variance     │ Parameter │ Softplus         │         │ True        │ ()            │ float64 │ 1.0                                      │
├─────────────────────────────────────┼───────────┼──────────────────┼─────────┼─────────────┼───────────────┼─────────┼──────────────────────────────────────────┤
│ SVGP.kernel.kernels[0].lengthscales │ Parameter │ Softplus         │         │ True        │ ()            │ float64 │ 1.0                                      │
├─────────────────────────────────────┼───────────┼──────────────────┼─────────┼─────────────┼───────────────┼─────────┼──────────────────────────────────────────┤
│ SVGP.kernel.kernels[1].variance     │ Parameter │ Softplus         │         │ True        │ ()            │ float64 │ 1.0                                      │
├─────────────────────────────────────┼───────────┼──────────────────┼─────────┼─────────────┼───────────────┼─────────┼──────────────────────────────────────────┤
│ SVGP.kernel.kernels[1].lengthscales │ Parameter │ Softplus         │         │ True        │ ()            │ float64 │ 1.0                                      │
├─────────────────────────────────────┼───────────┼──────────────────┼─────────┼─────────────┼───────────────┼─────────┼──────────────────────────────────────────┤
│ SVGP.likelihood.variance            │ Parameter │ Softplus + Shift │         │ True        │ ()            │ float64 │ 1.0                                      │
├─────────────────────────────────────┼───────────┼──────────────────┼─────────┼─────────────┼───────────────┼─────────┼──────────────────────────────────────────┤
│ SVGP.inducing_variable.Z            │ Parameter │ Identity         │         │ True        │ (500, 3)      │ float64 │ [[-0.39690223, 0.50227941, 0.29301495... │
├─────────────────────────────────────┼───────────┼──────────────────┼─────────┼─────────────┼───────────────┼─────────┼──────────────────────────────────────────┤
│ SVGP.q_mu                           │ Parameter │ Identity         │         │ True        │ (500, 1)      │ float64 │ [[0....                                  │
├─────────────────────────────────────┼───────────┼──────────────────┼─────────┼─────────────┼───────────────┼─────────┼──────────────────────────────────────────┤
│ SVGP.q_sqrt                         │ Parameter │ FillTriangular   │         │ True        │ (1, 500, 500) │ float64 │ [[[1., 0., 0....                         │
╘═════════════════════════════════════╧═══════════╧══════════════════╧═════════╧═════════════╧═══════════════╧═════════╧══════════════════════════════════════════╛

  num_data = 912815  (NOAA training stage)
FINISHED CODE CELL 10 in 0.1s

================================================================================
RUNNING CODE CELL 11
================================================================================
Initial training on NOAA data ...
WARNING:tensorflow:AutoGraph could not transform <function noaa_training_step at 0x1278d5c60> and will run it as-is.
Cause: Unable to locate the source code of <function noaa_training_step at 0x1278d5c60>. Note that functions defined in certain environments, like the interactive Python shell, do not expose their source code. If that is the case, you should define them in a .py source file. If you are certain the code is graph-compatible, wrap the call using @tf.autograph.experimental.do_not_convert. Original error: could not get source code
To silence this warning, decorate the function with @tf.autograph.experimental.do_not_convert
  Step    0   ELBO: -6096052.94
  Step  200   ELBO: -1035419.63
  Step  400   ELBO: -833338.03
  Step  600   ELBO: -534734.92
  Step  800   ELBO: -342330.39
  Step 1000   ELBO: -348488.13
  Step 1200   ELBO: -360329.56
  Step 1400   ELBO: -270608.42
  Step 1600   ELBO: -249800.11
  Step 1800   ELBO: -375906.28
  Step 2000   ELBO: -390907.24
  Step 2200   ELBO: -416789.47
  Step 2400   ELBO: -305808.06
  Step 2600   ELBO: -226268.17
  Step 2800   ELBO: -240381.84
NOAA training complete.
/Users/naqduck/Downloads/SVGP DT Fraim/Codes/Streaming SVGP Shared.ipynb:cell11:36: UserWarning: FigureCanvasAgg is non-interactive, and thus cannot be shown
FINISHED CODE CELL 11 in 390.3s

================================================================================
RUNNING CODE CELL 12
================================================================================
Saving initial trained model ...
  Model saved → /Users/naqduck/Downloads/SVGP DT Fraim/Models/BASS 3/svgp_initial_model.npz
FINISHED CODE CELL 12 in 0.0s

================================================================================
RUNNING CODE CELL 13
================================================================================
predict_scaled() helper defined.
FINISHED CODE CELL 13 in 0.0s

================================================================================
RUNNING CODE CELL 14
================================================================================
validate_model() helper defined.
FINISHED CODE CELL 14 in 0.0s

================================================================================
RUNNING CODE CELL 15
================================================================================
Processing 3 RTK file(s) — chronological order:
  2025-12-12  ←  BASS_12-12-2025(TDS).csv
  2026-02-10  ←  BASS_02-10-2026(TDS).csv
  2026-02-22  ←  BASS_02-22-2026(TDS).csv

============================================================
Processing: BASS_12-12-2025(TDS).csv
============================================================
  Date     : 2025-12-12
  Gap      : 393 days since previous survey
  N points : 143

  [A] Validating (held-out) ...
      MAE  = 0.4185 m
      RMSE = 0.5053 m
      Bias = -0.0776 m
      R²   = 0.7891
      Held-out mean σ = 0.3534 m
      Grid mean σ before update = 0.8526 m
/Users/naqduck/Downloads/SVGP DT Fraim/Codes/Streaming SVGP Shared.ipynb:cell15:164: UserWarning: FigureCanvasAgg is non-interactive, and thus cannot be shown

  [B] Updating model (1000 steps) ...
      RTK ELBO num_data = 143 (restoring NOAA num_data after update)
WARNING:tensorflow:AutoGraph could not transform <function make_rtk_update_fn.<locals>._step at 0x127796d40> and will run it as-is.
Cause: Unable to locate the source code of <function make_rtk_update_fn.<locals>._step at 0x127796d40>. Note that functions defined in certain environments, like the interactive Python shell, do not expose their source code. If that is the case, you should define them in a .py source file. If you are certain the code is graph-compatible, wrap the call using @tf.autograph.experimental.do_not_convert. Original error: could not get source code
To silence this warning, decorate the function with @tf.autograph.experimental.do_not_convert
      Update step    0   ELBO: -2086.54
      Update step  200   ELBO: -1461.87
      Update step  400   ELBO: -1217.93
      Update step  600   ELBO: -1038.12
      Update step  800   ELBO: -895.40
  Model updated with 2025-12-12 RTK data.
  Model saved → /Users/naqduck/Downloads/SVGP DT Fraim/Models/BASS 3/svgp_after_2025-12-12_BASS_12-12-2025_TDS.npz
      Grid mean σ after update  = 1.5976 m
      Grid mean σ reduction     = -0.7450 m
/Users/naqduck/Downloads/SVGP DT Fraim/Codes/Streaming SVGP Shared.ipynb:cell15:266: UserWarning: FigureCanvasAgg is non-interactive, and thus cannot be shown

============================================================
Processing: BASS_02-10-2026(TDS).csv
============================================================
  Date     : 2026-02-10
  Gap      : 60 days since previous survey
  N points : 110

  [A] Validating (held-out) ...
      MAE  = 0.3070 m
      RMSE = 0.3993 m
      Bias = -0.2493 m
      R²   = 0.7627
      Held-out mean σ = 0.2326 m
      Grid mean σ before update = 1.5978 m
/Users/naqduck/Downloads/SVGP DT Fraim/Codes/Streaming SVGP Shared.ipynb:cell15:164: UserWarning: FigureCanvasAgg is non-interactive, and thus cannot be shown

  [B] Updating model (1000 steps) ...
      RTK ELBO num_data = 110 (restoring NOAA num_data after update)
WARNING:tensorflow:AutoGraph could not transform <function make_rtk_update_fn.<locals>._step at 0x128b05800> and will run it as-is.
Cause: Unable to locate the source code of <function make_rtk_update_fn.<locals>._step at 0x128b05800>. Note that functions defined in certain environments, like the interactive Python shell, do not expose their source code. If that is the case, you should define them in a .py source file. If you are certain the code is graph-compatible, wrap the call using @tf.autograph.experimental.do_not_convert. Original error: could not get source code
To silence this warning, decorate the function with @tf.autograph.experimental.do_not_convert
      Update step    0   ELBO: -954.01
      Update step  200   ELBO: -696.24
      Update step  400   ELBO: -612.48
      Update step  600   ELBO: -540.82
      Update step  800   ELBO: -477.85
  Model updated with 2026-02-10 RTK data.
  Model saved → /Users/naqduck/Downloads/SVGP DT Fraim/Models/BASS 3/svgp_after_2026-02-10_BASS_02-10-2026_TDS.npz
      Grid mean σ after update  = 2.1725 m
      Grid mean σ reduction     = -0.5748 m
/Users/naqduck/Downloads/SVGP DT Fraim/Codes/Streaming SVGP Shared.ipynb:cell15:266: UserWarning: FigureCanvasAgg is non-interactive, and thus cannot be shown

============================================================
Processing: BASS_02-22-2026(TDS).csv
============================================================
  Date     : 2026-02-22
  Gap      : 12 days since previous survey
  N points : 154

  [A] Validating (held-out) ...
      MAE  = 0.2035 m
      RMSE = 0.2977 m
      Bias = -0.0248 m
      R²   = 0.9556
      Held-out mean σ = 0.2196 m
      Grid mean σ before update = 2.1726 m
/Users/naqduck/Downloads/SVGP DT Fraim/Codes/Streaming SVGP Shared.ipynb:cell15:164: UserWarning: FigureCanvasAgg is non-interactive, and thus cannot be shown

  [B] Updating model (1000 steps) ...
      RTK ELBO num_data = 154 (restoring NOAA num_data after update)
WARNING:tensorflow:AutoGraph could not transform <function make_rtk_update_fn.<locals>._step at 0x128b05940> and will run it as-is.
Cause: Unable to locate the source code of <function make_rtk_update_fn.<locals>._step at 0x128b05940>. Note that functions defined in certain environments, like the interactive Python shell, do not expose their source code. If that is the case, you should define them in a .py source file. If you are certain the code is graph-compatible, wrap the call using @tf.autograph.experimental.do_not_convert. Original error: could not get source code
To silence this warning, decorate the function with @tf.autograph.experimental.do_not_convert
      Update step    0   ELBO: -678.17
      Update step  200   ELBO: -401.61
      Update step  400   ELBO: -359.15
      Update step  600   ELBO: -322.87
      Update step  800   ELBO: -289.37
  Model updated with 2026-02-22 RTK data.
  Model saved → /Users/naqduck/Downloads/SVGP DT Fraim/Models/BASS 3/svgp_after_2026-02-22_BASS_02-22-2026_TDS.npz
      Grid mean σ after update  = 2.7407 m
      Grid mean σ reduction     = -0.5682 m
/Users/naqduck/Downloads/SVGP DT Fraim/Codes/Streaming SVGP Shared.ipynb:cell15:266: UserWarning: FigureCanvasAgg is non-interactive, and thus cannot be shown

Saving final streaming model state and run records ...
  Model saved → /Users/naqduck/Downloads/SVGP DT Fraim/Models/BASS 3/svgp_final_model.npz
  Survey manifest saved → /Users/naqduck/Downloads/SVGP DT Fraim/Models/BASS 3/survey_manifest.csv
  Run metadata saved → /Users/naqduck/Downloads/SVGP DT Fraim/Models/BASS 3/model_metadata.json
FINISHED CODE CELL 15 in 59.4s

================================================================================
RUNNING CODE CELL 16
================================================================================

=== RTK Validation Summary (held-out, before each update) ===
      date  gap_days  n_points  MAE_m  RMSE_m  Bias_m     R2
2025-12-12       393       143 0.4185  0.5053 -0.0776 0.7891
2026-02-10        60       110 0.3070  0.3993 -0.2493 0.7627
2026-02-22        12       154 0.2035  0.2977 -0.0248 0.9556

  Overall MAE  = 0.3070 m
  Overall RMSE = 0.4079 m
  Overall Bias = -0.1040 m
  Overall R²   = 0.8871
/Users/naqduck/Downloads/SVGP DT Fraim/Codes/Streaming SVGP Shared.ipynb:cell16:40: UserWarning: FigureCanvasAgg is non-interactive, and thus cannot be shown

=== Bias Log ===
  2025-12-12  bias=-0.0776m  gap=393d  rate=0.000197 m/day  (0.0028 m/2weeks)
  2026-02-10  bias=-0.2493m  gap=60d  rate=0.004155 m/day  (0.0582 m/2weeks)
  2026-02-22  bias=-0.0248m  gap=12d  rate=0.002067 m/day  (0.0289 m/2weeks)
FINISHED CODE CELL 16 in 0.1s

================================================================================
RUNNING CODE CELL 17
================================================================================

Building prediction surface for latest assimilated epoch ...
  Prediction date : 2026-02-22 (latest RTK update)
  Decimal year    : 2026.144517
/Users/naqduck/Downloads/SVGP DT Fraim/Codes/Streaming SVGP Shared.ipynb:cell17:62: UserWarning: FigureCanvasAgg is non-interactive, and thus cannot be shown
FINISHED CODE CELL 17 in 0.4s

================================================================================
RUNNING CODE CELL 18
================================================================================

=== Uncertainty Calibration  [held-out predict_y] ===
  Percent within ±1σ  = 53.8%  (ideal ≈ 68%)
  Percent within ±2σ  = 83.0%  (ideal ≈ 95%)
  Mean σ (sharpness)  = 0.2701 m
  Std(norm residual)  = 1.354  (ideal ≈ 1)

  NOTE: stats measured BEFORE each RTK update — genuine held-out.
/Users/naqduck/Downloads/SVGP DT Fraim/Codes/Streaming SVGP Shared.ipynb:cell18:47: UserWarning: FigureCanvasAgg is non-interactive, and thus cannot be shown
FINISHED CODE CELL 18 in 0.2s

================================================================================
RUNNING CODE CELL 19
================================================================================

=== Streaming Update Impact and Forecast Staleness ===

--- Streaming Update Impact ---
      date  gap_days  n_points  heldout_MAE_m  heldout_RMSE_m  heldout_Bias_m  heldout_R2  heldout_mean_sigma_m  grid_mean_sigma_before_m  grid_mean_sigma_after_m  grid_sigma_reduction_m  grid_sigma_reduction_pct                                                                            checkpoint_after_update              update_stage
2025-12-12       393       143         0.4185          0.5053         -0.0776      0.7891                0.3534                    0.8526                   1.5976                 -0.7450                    -87.38 /Users/naqduck/Downloads/SVGP DT Fraim/Models/BASS 3/svgp_after_2025-12-12_BASS_12-12-2025_TDS.npz after_update_checkpointed
2026-02-10        60       110         0.3070          0.3993         -0.2493      0.7627                0.2326                    1.5978                   2.1725                 -0.5748                    -35.97 /Users/naqduck/Downloads/SVGP DT Fraim/Models/BASS 3/svgp_after_2026-02-10_BASS_02-10-2026_TDS.npz after_update_checkpointed
2026-02-22        12       154         0.2035          0.2977         -0.0248      0.9556                0.2196                    2.1726                   2.7407                 -0.5682                    -26.15 /Users/naqduck/Downloads/SVGP DT Fraim/Models/BASS 3/svgp_after_2026-02-22_BASS_02-22-2026_TDS.npz after_update_checkpointed

Saved update-impact table -> /Users/naqduck/Downloads/SVGP DT Fraim/Models/BASS 3/streaming_update_impact.csv
/Users/naqduck/Downloads/SVGP DT Fraim/Codes/Streaming SVGP Shared.ipynb:cell19:79: UserWarning: FigureCanvasAgg is non-interactive, and thus cannot be shown
Saved update-impact plot -> /Users/naqduck/Downloads/SVGP DT Fraim/Models/BASS 3/streaming_update_impact.png

--- Forecast Staleness From Final Streaming Model ---
          model_stage reference_date  eval_date  days_after_update  decimal_year  mean_sigma_m  median_sigma_m  p90_sigma_m  min_sigma_m  max_sigma_m
final_streaming_model     2026-02-22 2026-02-22                  0   2026.142466        2.7407          3.1001       3.6213       0.1866       3.7017
final_streaming_model     2026-02-22 2026-03-08                 14   2026.180822        2.7407          3.1002       3.6213       0.1867       3.7017
final_streaming_model     2026-02-22 2026-03-24                 30   2026.224658        2.7408          3.1003       3.6213       0.1868       3.7017
final_streaming_model     2026-02-22 2026-04-23                 60   2026.306849        2.7408          3.1004       3.6213       0.1872       3.7017
final_streaming_model     2026-02-22 2026-05-23                 90   2026.389041        2.7409          3.1005       3.6213       0.1879       3.7017

Saved forecast-staleness table -> /Users/naqduck/Downloads/SVGP DT Fraim/Models/BASS 3/forecast_staleness_summary.csv
/Users/naqduck/Downloads/SVGP DT Fraim/Codes/Streaming SVGP Shared.ipynb:cell19:126: UserWarning: FigureCanvasAgg is non-interactive, and thus cannot be shown
Saved forecast-staleness plot -> /Users/naqduck/Downloads/SVGP DT Fraim/Models/BASS 3/forecast_staleness.png
FINISHED CODE CELL 19 in 1.4s

Notebook execution complete.
Total runtime: 7.64 min
